<?xml version="1.0" encoding="UTF-8"?>
<!-- Generated by org.testng.reporters.JUnitReportReporter -->
<testsuite hostname="MacBook-Air-Marina.local" failures="0" tests="1" name="runner.RunCuke" time="31.454" errors="0" timestamp="20 Jul 2020 19:27:04 GMT">
  <testcase classname="runner.RunCuke" name="feature" time="31.454"/>
</testsuite> <!-- runner.RunCuke -->
